<?xml version="1.0" encoding="UTF-8"?>
<!-- Generated by org.testng.reporters.JUnitReportReporter -->
<testsuite hostname="LAPTOP-FA7T866P" failures="0" tests="54" name="core.Tests.IDPH.ApplyProgramBackFlowTester" time="141.414" errors="0" timestamp="2022-10-11T15:14:35 IST" skipped="1">
  <testcase classname="core.Tests.IDPH.ApplyProgramBackFlowTester" name="load_ADPER_Portal" time="11.095"/>
  <system-out/>
  <testcase classname="core.Tests.IDPH.ApplyProgramBackFlowTester" name="ADPER_ValidLoginCredentials" time="5.075"/>
  <system-out/>
  <testcase classname="core.Tests.IDPH.ApplyProgramBackFlowTester" name="ApplyForProgramNavigation" time="0.353"/>
  <system-out/>
  <testcase classname="core.Tests.IDPH.ApplyProgramBackFlowTester" name="ApplyForProgramDisplayFields" time="0.465"/>
  <system-out/>
  <testcase classname="core.Tests.IDPH.ApplyProgramBackFlowTester" name="ApplyForProgramCancel" time="0.305"/>
  <system-out/>
  <testcase classname="core.Tests.IDPH.ApplyProgramBackFlowTester" name="WithoutValuesApplyforProgram" time="0.477"/>
  <system-out/>
  <testcase classname="core.Tests.IDPH.ApplyProgramBackFlowTester" name="VerifyProgramDropdownValues" time="0.920"/>
  <system-out/>
  <testcase classname="core.Tests.IDPH.ApplyProgramBackFlowTester" name="WithoutProgramDetailApplyforProgram" time="0.993"/>
  <system-out/>
  <testcase classname="core.Tests.IDPH.ApplyProgramBackFlowTester" name="VerifyBackFlowProgramDetailsDropdownValues" time="0.560"/>
  <system-out/>
  <testcase classname="core.Tests.IDPH.ApplyProgramBackFlowTester" name="ApplyforProgramPopup" time="0.447"/>
  <system-out/>
  <testcase classname="core.Tests.IDPH.ApplyProgramBackFlowTester" name="ApplyforProgramPopupCancelbutton" time="0.280"/>
  <system-out/>
  <testcase classname="core.Tests.IDPH.ApplyProgramBackFlowTester" name="ApplyforProgramPopupOKbutton" time="1.686"/>
  <system-out/>
  <testcase classname="core.Tests.IDPH.ApplyProgramBackFlowTester" name="VerifyInCompleteApplyProgramDropdownValues" time="4.934"/>
  <system-out/>
  <testcase classname="core.Tests.IDPH.ApplyProgramBackFlowTester" name="ApplyForProgramEdit" time="1.862"/>
  <system-out/>
  <testcase classname="core.Tests.IDPH.ApplyProgramBackFlowTester" name="ApplicationFormDisplayFields" time="0.683"/>
  <system-out/>
  <testcase classname="core.Tests.IDPH.ApplyProgramBackFlowTester" name="ApplicationFormProgramType" time="0.098"/>
  <system-out/>
  <testcase classname="core.Tests.IDPH.ApplyProgramBackFlowTester" name="BackflowTesterAffirmations" time="1.790"/>
  <system-out/>
  <testcase classname="core.Tests.IDPH.ApplyProgramBackFlowTester" name="BackflowTester_Affirmations_RequiredFields" time="0.955"/>
  <system-out/>
  <testcase classname="core.Tests.IDPH.ApplyProgramBackFlowTester" name="BackflowTester_Affirmations_YES" time="5.294"/>
  <system-out/>
  <testcase classname="core.Tests.IDPH.ApplyProgramBackFlowTester" name="BackflowTesterThirdPartyCertification" time="1.232"/>
  <system-out/>
  <testcase classname="core.Tests.IDPH.ApplyProgramBackFlowTester" name="BackflowTester_ThirdPartyCertification_RequiredFields" time="0.229"/>
  <system-out/>
  <testcase classname="core.Tests.IDPH.ApplyProgramBackFlowTester" name="BackflowTester_ThridPartyCertification_YES" time="2.634"/>
  <system-out/>
  <testcase classname="core.Tests.IDPH.ApplyProgramBackFlowTester" name="ThridPartyCertification_ExpirationDate" time="2.776"/>
  <system-out/>
  <testcase classname="core.Tests.IDPH.ApplyProgramBackFlowTester" name="BackflowTesterOutOfStateCredentials" time="1.665"/>
  <system-out/>
  <testcase classname="core.Tests.IDPH.ApplyProgramBackFlowTester" name="BackflowTester_OutOfStateCredentials_RequiredFields" time="0.437"/>
  <system-out/>
  <testcase classname="core.Tests.IDPH.ApplyProgramBackFlowTester" name="BackflowTester_OutOfStateCredentials_YES" time="4.288"/>
  <system-out/>
  <testcase classname="core.Tests.IDPH.ApplyProgramBackFlowTester" name="OutOfStateCredentials_ExpirationDate" time="2.636"/>
  <system-out/>
  <testcase classname="core.Tests.IDPH.ApplyProgramBackFlowTester" name="OutOfStateCredentials_InvalidCourseDate" time="2.377"/>
  <system-out/>
  <testcase classname="core.Tests.IDPH.ApplyProgramBackFlowTester" name="AttchmentDisplayFields" time="2.261"/>
  <system-out/>
  <testcase classname="core.Tests.IDPH.ApplyProgramBackFlowTester" name="UploadAttachmentsPopupMessage" time="1.122"/>
  <system-out/>
  <testcase classname="core.Tests.IDPH.ApplyProgramBackFlowTester" name="AttachmentsDelete" time="0.128"/>
  <system-out/>
  <testcase classname="core.Tests.IDPH.ApplyProgramBackFlowTester" name="UploadNewAttachments" time="7.241"/>
  <system-out/>
  <testcase classname="core.Tests.IDPH.ApplyProgramBackFlowTester" name="NavTermsAndConditions" time="4.206"/>
  <system-out/>
  <testcase classname="core.Tests.IDPH.ApplyProgramBackFlowTester" name="TermsAndConditionsText" time="0.772"/>
  <system-out/>
  <testcase classname="core.Tests.IDPH.ApplyProgramBackFlowTester" name="WithoutAgreeTerms" time="0.271"/>
  <system-out/>
  <testcase classname="core.Tests.IDPH.ApplyProgramBackFlowTester" name="ValidAgreeTerms" time="0.341"/>
  <system-out/>
  <testcase classname="core.Tests.IDPH.ApplyProgramBackFlowTester" name="VerifyMakePaymentFields" time="3.708"/>
  <system-out/>
  <testcase classname="core.Tests.IDPH.ApplyProgramBackFlowTester" name="VerifyBackFlowPayment" time="0.817"/>
  <system-out/>
  <testcase classname="core.Tests.IDPH.ApplyProgramBackFlowTester" name="PayLaterAlertAccept" time="1.169"/>
  <system-out/>
  <testcase classname="core.Tests.IDPH.ApplyProgramBackFlowTester" name="PayLaterAlertDismiss" time="1.046"/>
  <system-out/>
  <testcase classname="core.Tests.IDPH.ApplyProgramBackFlowTester" name="PayLaterOptions" time="0.620"/>
  <system-out/>
  <testcase classname="core.Tests.IDPH.ApplyProgramBackFlowTester" name="NavPayLaterDismiss" time="1.322"/>
  <system-out/>
  <testcase classname="core.Tests.IDPH.ApplyProgramBackFlowTester" name="NavPayLaterAccept" time="1.058"/>
  <system-out/>
  <testcase classname="core.Tests.IDPH.ApplyProgramBackFlowTester" name="VerifyPayNow" time="7.556"/>
  <system-out/>
  <testcase classname="core.Tests.IDPH.ApplyProgramBackFlowTester" name="MakePaymentAlert" time="6.249"/>
  <system-out/>
  <testcase classname="core.Tests.IDPH.ApplyProgramBackFlowTester" name="PayNowbutton" time="2.323"/>
  <system-out/>
  <testcase classname="core.Tests.IDPH.ApplyProgramBackFlowTester" name="InvalidPaymentContinue" time="2.294"/>
  <system-out/>
  <testcase classname="core.Tests.IDPH.ApplyProgramBackFlowTester" name="InvalidCardNumPayment" time="2.699"/>
  <system-out/>
  <testcase classname="core.Tests.IDPH.ApplyProgramBackFlowTester" name="ValidPaymentContinue" time="3.548"/>
  <system-out/>
  <testcase classname="core.Tests.IDPH.ApplyProgramBackFlowTester" name="ReviewPaymentConfirm" time="2.889"/>
  <system-out/>
  <testcase classname="core.Tests.IDPH.ApplyProgramBackFlowTester" name="PaymentConfirmation" time="2.498"/>
  <system-out/>
  <testcase classname="core.Tests.IDPH.ApplyProgramBackFlowTester" name="NavPaymentReceiptDetails" time="12.328"/>
  <system-out/>
  <testcase classname="core.Tests.IDPH.ApplyProgramBackFlowTester" name="ApplyforProgramDuplicate" time="16.402"/>
  <system-out/>
  <testcase classname="core.Tests.IDPH.ApplyProgramBackFlowTester" name="MyProgramDetailsLink">
    <skipped/>
  </testcase> <!-- MyProgramDetailsLink -->
  <system-out/>
</testsuite> <!-- core.Tests.IDPH.ApplyProgramBackFlowTester -->
