<?xml version="1.0" encoding="UTF-8"?>
<!-- Generated by org.testng.reporters.JUnitReportReporter -->
<testsuite hostname="LAPTOP-FA7T866P" failures="0" tests="24" name="core.Tests.IDPH.AEMT_EMSProvider" time="150.829" errors="0" timestamp="2022-11-09T10:11:43 IST" skipped="0">
  <testcase classname="core.Tests.IDPH.AEMT_EMSProvider" name="load_ADPER_Portal" time="20.865"/>
  <system-out/>
  <testcase classname="core.Tests.IDPH.AEMT_EMSProvider" name="VerifyToApply_AEMT_EMSProvider" time="5.494"/>
  <system-out/>
  <testcase classname="core.Tests.IDPH.AEMT_EMSProvider" name="AEMT_EMSProvider_Program" time="0.150"/>
  <system-out/>
  <testcase classname="core.Tests.IDPH.AEMT_EMSProvider" name="Verify_AEMT_ApplicationForms" time="0.999"/>
  <system-out/>
  <testcase classname="core.Tests.IDPH.AEMT_EMSProvider" name="EMSProvider_PersonalInformation" time="0.677"/>
  <system-out/>
  <testcase classname="core.Tests.IDPH.AEMT_EMSProvider" name="EMSProvider_PersonalInformation_RequiredFields" time="0.266"/>
  <system-out/>
  <testcase classname="core.Tests.IDPH.AEMT_EMSProvider" name="Enter_PersonalInformation_EMSProvider" time="1.037"/>
  <system-out/>
  <testcase classname="core.Tests.IDPH.AEMT_EMSProvider" name="EMSProvider_CurrentNationalRegistry" time="0.816"/>
  <system-out/>
  <testcase classname="core.Tests.IDPH.AEMT_EMSProvider" name="EMSProvider_CurrentNationalRegistryDropd" time="0.679"/>
  <system-out/>
  <testcase classname="core.Tests.IDPH.AEMT_EMSProvider" name="EMSProvider_CurrentNationalRegistry_NREMTBlank" time="3.251"/>
  <system-out/>
  <testcase classname="core.Tests.IDPH.AEMT_EMSProvider" name="EMSProvider_CurrentNationalRegistry_NREMTDate" time="2.538"/>
  <system-out/>
  <testcase classname="core.Tests.IDPH.AEMT_EMSProvider" name="EMSProvider_ProviderDisaster" time="1.980"/>
  <system-out/>
  <testcase classname="core.Tests.IDPH.AEMT_EMSProvider" name="EMSProvider_ProviderDisaster_RequiredFields" time="0.351"/>
  <system-out/>
  <testcase classname="core.Tests.IDPH.AEMT_EMSProvider" name="EMSProvider_FeeWaiverRequest" time="1.041"/>
  <system-out/>
  <testcase classname="core.Tests.IDPH.AEMT_EMSProvider" name="EMSProvider_FeeWaiverRequest_RequiredFields" time="0.541"/>
  <system-out/>
  <testcase classname="core.Tests.IDPH.AEMT_EMSProvider" name="EMSProvider_FeeWaiverRequest_FederalPovertyDropd" time="0.838"/>
  <system-out/>
  <testcase classname="core.Tests.IDPH.AEMT_EMSProvider" name="EMSProvider_FeeWaiverRequest_HouseHoldIncomeDropd" time="1.004"/>
  <system-out/>
  <testcase classname="core.Tests.IDPH.AEMT_EMSProvider" name="AEMT_UploadAttachments" time="9.236"/>
  <system-out/>
  <testcase classname="core.Tests.IDPH.AEMT_EMSProvider" name="Valid_AgreeTerms_AEMT" time="12.959"/>
  <system-out/>
  <testcase classname="core.Tests.IDPH.AEMT_EMSProvider" name="VerifyMakePaymentFields_AEMT" time="5.205"/>
  <system-out/>
  <testcase classname="core.Tests.IDPH.AEMT_EMSProvider" name="VerifyPayNow_AEMT" time="3.615"/>
  <system-out/>
  <testcase classname="core.Tests.IDPH.AEMT_EMSProvider" name="ValidPaymentContinue_AEMT" time="58.045"/>
  <system-out/>
  <testcase classname="core.Tests.IDPH.AEMT_EMSProvider" name="NavPaymentReceiptDetails_AEMT" time="15.689"/>
  <system-out/>
  <testcase classname="core.Tests.IDPH.AEMT_EMSProvider" name="ApplyforProgramDuplicate_AEMT" time="3.553"/>
  <system-out/>
</testsuite> <!-- core.Tests.IDPH.AEMT_EMSProvider -->
