<?xml version="1.0" encoding="UTF-8"?>
<!-- Generated by org.testng.reporters.JUnitReportReporter -->
<testsuite hostname="LAPTOP-FA7T866P" failures="0" tests="26" name="core.Tests.IDPH.EMT_EMSProviderTest" time="111.579" errors="0" timestamp="2022-10-27T17:24:00 IST" skipped="0">
  <testcase classname="core.Tests.IDPH.EMT_EMSProviderTest" name="load_ADPER_Portal" time="18.508"/>
  <system-out/>
  <testcase classname="core.Tests.IDPH.EMT_EMSProviderTest" name="VerifyToApply_EMTProgram" time="4.191"/>
  <system-out/>
  <testcase classname="core.Tests.IDPH.EMT_EMSProviderTest" name="ApplicationFormProgramType" time="0.120"/>
  <system-out/>
  <testcase classname="core.Tests.IDPH.EMT_EMSProviderTest" name="EMSProviderAffirmations" time="1.580"/>
  <system-out/>
  <testcase classname="core.Tests.IDPH.EMT_EMSProviderTest" name="EMSProvider_Affirmations_RequiredFields" time="1.004"/>
  <system-out/>
  <testcase classname="core.Tests.IDPH.EMT_EMSProviderTest" name="EMSProvider_Affirmations_YES" time="4.114"/>
  <system-out/>
  <testcase classname="core.Tests.IDPH.EMT_EMSProviderTest" name="EMSProvider_PersonalInformation" time="0.860"/>
  <system-out/>
  <testcase classname="core.Tests.IDPH.EMT_EMSProviderTest" name="EMSProvider_PersonalInformation_RequiredFields" time="0.342"/>
  <system-out/>
  <testcase classname="core.Tests.IDPH.EMT_EMSProviderTest" name="Enter_PersonalInformation_EMSProvider" time="1.067"/>
  <system-out/>
  <testcase classname="core.Tests.IDPH.EMT_EMSProviderTest" name="EMSProvider_CurrentNationalRegistry" time="0.858"/>
  <system-out/>
  <testcase classname="core.Tests.IDPH.EMT_EMSProviderTest" name="EMSProvider_CurrentNationalRegistryDropd" time="0.655"/>
  <system-out/>
  <testcase classname="core.Tests.IDPH.EMT_EMSProviderTest" name="EMSProvider_CurrentNationalRegistry_NREMTBlank" time="1.731"/>
  <system-out/>
  <testcase classname="core.Tests.IDPH.EMT_EMSProviderTest" name="EMSProvider_CurrentNationalRegistry_NREMTDate" time="2.259"/>
  <system-out/>
  <testcase classname="core.Tests.IDPH.EMT_EMSProviderTest" name="EMSProvider_ProviderDisaster" time="1.791"/>
  <system-out/>
  <testcase classname="core.Tests.IDPH.EMT_EMSProviderTest" name="EMSProvider_ProviderDisaster_RequiredFields" time="0.363"/>
  <system-out/>
  <testcase classname="core.Tests.IDPH.EMT_EMSProviderTest" name="EMSProvider_FeeWaiverRequest" time="1.306"/>
  <system-out/>
  <testcase classname="core.Tests.IDPH.EMT_EMSProviderTest" name="EMSProvider_FeeWaiverRequest_RequiredFields" time="0.584"/>
  <system-out/>
  <testcase classname="core.Tests.IDPH.EMT_EMSProviderTest" name="EMSProvider_FeeWaiverRequest_FederalPovertyDropd" time="0.784"/>
  <system-out/>
  <testcase classname="core.Tests.IDPH.EMT_EMSProviderTest" name="EMSProvider_FeeWaiverRequest_HouseHoldIncomeDropd" time="1.044"/>
  <system-out/>
  <testcase classname="core.Tests.IDPH.EMT_EMSProviderTest" name="AEMT_EMS_UploadNewAttachments" time="22.883"/>
  <system-out/>
  <testcase classname="core.Tests.IDPH.EMT_EMSProviderTest" name="AEMT_EMS_ValidAgreeTerms" time="7.227"/>
  <system-out/>
  <testcase classname="core.Tests.IDPH.EMT_EMSProviderTest" name="AEMT_EMS_VerifyMakePaymentFields" time="4.363"/>
  <system-out/>
  <testcase classname="core.Tests.IDPH.EMT_EMSProviderTest" name="VerifyPayNow_AEMT_EMS" time="2.907"/>
  <system-out/>
  <testcase classname="core.Tests.IDPH.EMT_EMSProviderTest" name="ValidPaymentContinue_AEMT_EMS" time="15.329"/>
  <system-out/>
  <testcase classname="core.Tests.IDPH.EMT_EMSProviderTest" name="NavPaymentReceiptDetails_AEMT_EMS" time="13.403"/>
  <system-out/>
  <testcase classname="core.Tests.IDPH.EMT_EMSProviderTest" name="ApplyforProgramDuplicate_AEMT_EMS" time="2.306"/>
  <system-out/>
</testsuite> <!-- core.Tests.IDPH.EMT_EMSProviderTest -->
