<?xml version="1.0" encoding="UTF-8"?>
<!-- Generated by org.testng.reporters.JUnitReportReporter -->
<testsuite hostname="LAPTOP-FA7T866P" failures="0" tests="45" name="core.Tests.IDPH.EMR_EMSProviderTest" time="118.836" errors="0" timestamp="2022-10-26T16:39:05 IST" skipped="0">
  <testcase classname="core.Tests.IDPH.EMR_EMSProviderTest" name="load_ADPER_Portal" time="17.253"/>
  <system-out/>
  <testcase classname="core.Tests.IDPH.EMR_EMSProviderTest" name="Verify_EMR_ProgramDropdownValues" time="1.863"/>
  <system-out/>
  <testcase classname="core.Tests.IDPH.EMR_EMSProviderTest" name="Apply_EMR_ProgramPopup" time="0.448"/>
  <system-out/>
  <testcase classname="core.Tests.IDPH.EMR_EMSProviderTest" name="Apply_EMR_ProgramPopupCancelbutton" time="0.367"/>
  <system-out/>
  <testcase classname="core.Tests.IDPH.EMR_EMSProviderTest" name="Apply_EMR_ProgramPopupOKbutton" time="1.823"/>
  <system-out/>
  <testcase classname="core.Tests.IDPH.EMR_EMSProviderTest" name="VerifyInCompleteApply_EMR_ProgramDropdownValues" time="5.362"/>
  <system-out/>
  <testcase classname="core.Tests.IDPH.EMR_EMSProviderTest" name="ApplyFor_EMR_ProgramEdit" time="1.914"/>
  <system-out/>
  <testcase classname="core.Tests.IDPH.EMR_EMSProviderTest" name="EMR_ApplicationFormDisplayFields" time="0.907"/>
  <system-out/>
  <testcase classname="core.Tests.IDPH.EMR_EMSProviderTest" name="EMR_ApplicationFormProgramType" time="0.163"/>
  <system-out/>
  <testcase classname="core.Tests.IDPH.EMR_EMSProviderTest" name="EMR_EMSProviderAffirmations" time="1.494"/>
  <system-out/>
  <testcase classname="core.Tests.IDPH.EMR_EMSProviderTest" name="EMR_EMSProvider_Affirmations_RequiredFields" time="1.017"/>
  <system-out/>
  <testcase classname="core.Tests.IDPH.EMR_EMSProviderTest" name="EMR_EMSProvider_Affirmations_YES" time="4.233"/>
  <system-out/>
  <testcase classname="core.Tests.IDPH.EMR_EMSProviderTest" name="EMR_EMSProvider_PersonalInformation" time="1.056"/>
  <system-out/>
  <testcase classname="core.Tests.IDPH.EMR_EMSProviderTest" name="EMR_EMSProvider_PersonalInformation_RequiredFields" time="0.413"/>
  <system-out/>
  <testcase classname="core.Tests.IDPH.EMR_EMSProviderTest" name="EMR_Enter_PersonalInformation_EMSProvider" time="1.110"/>
  <system-out/>
  <testcase classname="core.Tests.IDPH.EMR_EMSProviderTest" name="EMR_EMSProvider_CurrentNationalRegistry" time="1.066"/>
  <system-out/>
  <testcase classname="core.Tests.IDPH.EMR_EMSProviderTest" name="EMR_EMSProvider_CurrentNationalRegistryDropd" time="0.760"/>
  <system-out/>
  <testcase classname="core.Tests.IDPH.EMR_EMSProviderTest" name="EMR_EMSProvider_CurrentNationalRegistry_NREMTBlank" time="1.643"/>
  <system-out/>
  <testcase classname="core.Tests.IDPH.EMR_EMSProviderTest" name="EMR_EMSProvider_CurrentNationalRegistry_NREMTDate" time="2.096"/>
  <system-out/>
  <testcase classname="core.Tests.IDPH.EMR_EMSProviderTest" name="EMR_EMSProvider_ProviderDisaster" time="1.684"/>
  <system-out/>
  <testcase classname="core.Tests.IDPH.EMR_EMSProviderTest" name="EMR_EMSProvider_ProviderDisaster_RequiredFields" time="0.350"/>
  <system-out/>
  <testcase classname="core.Tests.IDPH.EMR_EMSProviderTest" name="EMR_EMSProvider_FeeWaiverRequest" time="1.041"/>
  <system-out/>
  <testcase classname="core.Tests.IDPH.EMR_EMSProviderTest" name="EMR_EMSProvider_FeeWaiverRequest_RequiredFields" time="0.524"/>
  <system-out/>
  <testcase classname="core.Tests.IDPH.EMR_EMSProviderTest" name="EMR_EMSProvider_FeeWaiverRequest_FederalPovertyDropd" time="0.850"/>
  <system-out/>
  <testcase classname="core.Tests.IDPH.EMR_EMSProviderTest" name="EMR_EMSProvider_FeeWaiverRequest_HouseHoldIncomeDropd" time="0.817"/>
  <system-out/>
  <testcase classname="core.Tests.IDPH.EMR_EMSProviderTest" name="EMR_EMS_AttchmentDisplayFields" time="2.792"/>
  <system-out/>
  <testcase classname="core.Tests.IDPH.EMR_EMSProviderTest" name="EMR_EMS_UploadAttachmentsPopupMessage" time="0.982"/>
  <system-out/>
  <testcase classname="core.Tests.IDPH.EMR_EMSProviderTest" name="EMR_EMS_UploadNewAttachments" time="6.619"/>
  <system-out/>
  <testcase classname="core.Tests.IDPH.EMR_EMSProviderTest" name="EMR_EMS_NavTermsAndConditions" time="4.087"/>
  <system-out/>
  <testcase classname="core.Tests.IDPH.EMR_EMSProviderTest" name="EMR_EMS_TermsAndConditionsText" time="0.819"/>
  <system-out/>
  <testcase classname="core.Tests.IDPH.EMR_EMSProviderTest" name="EMR_EMS_WithoutAgreeTerms" time="0.277"/>
  <system-out/>
  <testcase classname="core.Tests.IDPH.EMR_EMSProviderTest" name="EMR_EMS_ValidAgreeTerms" time="1.884"/>
  <system-out/>
  <testcase classname="core.Tests.IDPH.EMR_EMSProviderTest" name="EMR_EMS_VerifyMakePaymentFields" time="2.741"/>
  <system-out/>
  <testcase classname="core.Tests.IDPH.EMR_EMSProviderTest" name="Verify_EMR_EMSPayment" time="1.286"/>
  <system-out/>
  <testcase classname="core.Tests.IDPH.EMR_EMSProviderTest" name="EMR_EMS_PayLaterAlertAccept" time="0.930"/>
  <system-out/>
  <testcase classname="core.Tests.IDPH.EMR_EMSProviderTest" name="EMR_EMS_PayLaterAlertDismiss" time="0.965"/>
  <system-out/>
  <testcase classname="core.Tests.IDPH.EMR_EMSProviderTest" name="EMR_EMS_PayLaterOptions" time="0.589"/>
  <system-out/>
  <testcase classname="core.Tests.IDPH.EMR_EMSProviderTest" name="EMR_EMS_NavPayLaterDismiss" time="1.287"/>
  <system-out/>
  <testcase classname="core.Tests.IDPH.EMR_EMSProviderTest" name="NavPayLaterAccept_EMR_EMS" time="1.054"/>
  <system-out/>
  <testcase classname="core.Tests.IDPH.EMR_EMSProviderTest" name="VerifyPayNow_EMR_EMS" time="7.541"/>
  <system-out/>
  <testcase classname="core.Tests.IDPH.EMR_EMSProviderTest" name="MakePaymentAlert_EMR_EMS" time="6.013"/>
  <system-out/>
  <testcase classname="core.Tests.IDPH.EMR_EMSProviderTest" name="PayNowbutton_EMR_EMS" time="2.369"/>
  <system-out/>
  <testcase classname="core.Tests.IDPH.EMR_EMSProviderTest" name="ValidPaymentContinue_EMR_EMS" time="7.488"/>
  <system-out/>
  <testcase classname="core.Tests.IDPH.EMR_EMSProviderTest" name="NavPaymentReceiptDetails_EMR_EMS" time="15.748"/>
  <system-out/>
  <testcase classname="core.Tests.IDPH.EMR_EMSProviderTest" name="ApplyforProgramDuplicate_EMR_EMS" time="3.111"/>
  <system-out/>
</testsuite> <!-- core.Tests.IDPH.EMR_EMSProviderTest -->
