<?xml version="1.0" encoding="UTF-8"?>
<!-- Generated by org.testng.reporters.JUnitReportReporter -->
<testsuite hostname="LAPTOP-FA7T866P" failures="0" tests="129" name="core.Tests.IDPH.AdperPortal" time="308.694" errors="0" timestamp="2022-10-20T16:23:09 IST" skipped="0">
  <testcase classname="core.Tests.IDPH.AdperPortal" name="load_ADPER_Portal" time="8.040"/>
  <system-out/>
  <testcase classname="core.Tests.IDPH.AdperPortal" name="VerifyHomePageLinks" time="0.954"/>
  <system-out/>
  <testcase classname="core.Tests.IDPH.AdperPortal" name="VerifyIsDisplayedLeftSideLinks" time="0.158"/>
  <system-out/>
  <testcase classname="core.Tests.IDPH.AdperPortal" name="VerifyIsDisplayedHomePageText" time="1.296"/>
  <system-out/>
  <testcase classname="core.Tests.IDPH.AdperPortal" name="VerifyIDPHRegulatoryTab" time="13.306"/>
  <system-out/>
  <testcase classname="core.Tests.IDPH.AdperPortal" name="VerifyPublicSearchClick" time="2.212"/>
  <system-out/>
  <testcase classname="core.Tests.IDPH.AdperPortal" name="VerifyIsDisplayedPublicSearchFields" time="1.467"/>
  <system-out/>
  <testcase classname="core.Tests.IDPH.AdperPortal" name="VerifyWithoutInputSearch" time="0.329"/>
  <system-out/>
  <testcase classname="core.Tests.IDPH.AdperPortal" name="VerifyValidPublicSearch" time="3.827"/>
  <system-out/>
  <testcase classname="core.Tests.IDPH.AdperPortal" name="VerifySearchResultsExport" time="0.305"/>
  <system-out/>
  <testcase classname="core.Tests.IDPH.AdperPortal" name="VerifyPublicDetails" time="9.948"/>
  <system-out/>
  <testcase classname="core.Tests.IDPH.AdperPortal" name="VerifyPublicDetailsBackButtonNav" time="8.389"/>
  <system-out/>
  <testcase classname="core.Tests.IDPH.AdperPortal" name="VerifyResetButton" time="0.109"/>
  <system-out/>
  <testcase classname="core.Tests.IDPH.AdperPortal" name="VerifyInvalidSearch" time="2.263"/>
  <system-out/>
  <testcase classname="core.Tests.IDPH.AdperPortal" name="VerifySecondInvalidSearch" time="0.407"/>
  <system-out/>
  <testcase classname="core.Tests.IDPH.AdperPortal" name="VerifyCourseSearchButtons" time="0.378"/>
  <system-out/>
  <testcase classname="core.Tests.IDPH.AdperPortal" name="VerifyCourseSearchDropdowns" time="0.561"/>
  <system-out/>
  <testcase classname="core.Tests.IDPH.AdperPortal" name="VerifyIsDisplayedCourseSearchProgram" time="0.831"/>
  <system-out/>
  <testcase classname="core.Tests.IDPH.AdperPortal" name="VerifyWithoutInputCourseSearch" time="0.482"/>
  <system-out/>
  <testcase classname="core.Tests.IDPH.AdperPortal" name="VerifyValidCourseSearch" time="3.651"/>
  <system-out/>
  <testcase classname="core.Tests.IDPH.AdperPortal" name="VerifyEventsReturns" time="0.307"/>
  <system-out/>
  <testcase classname="core.Tests.IDPH.AdperPortal" name="VerifyCourseSearchExportbutton" time="0.157"/>
  <system-out/>
  <testcase classname="core.Tests.IDPH.AdperPortal" name="VerifyCourseSearchReset" time="0.323"/>
  <system-out/>
  <testcase classname="core.Tests.IDPH.AdperPortal" name="VerifyCourseSearchReturn" time="2.809"/>
  <system-out/>
  <testcase classname="core.Tests.IDPH.AdperPortal" name="VerifySignInPage" time="0.960"/>
  <system-out/>
  <testcase classname="core.Tests.IDPH.AdperPortal" name="ADPER_InvalidLoginCredentials" time="2.790"/>
  <system-out/>
  <testcase classname="core.Tests.IDPH.AdperPortal" name="ADPER_ValidLoginCredentials" time="3.444"/>
  <system-out/>
  <testcase classname="core.Tests.IDPH.AdperPortal" name="ApplyForProgramNavigation" time="0.300"/>
  <system-out/>
  <testcase classname="core.Tests.IDPH.AdperPortal" name="ApplyForProgramDisplayFields" time="0.416"/>
  <system-out/>
  <testcase classname="core.Tests.IDPH.AdperPortal" name="ApplyForProgramCancel" time="0.244"/>
  <system-out/>
  <testcase classname="core.Tests.IDPH.AdperPortal" name="WithoutValuesApplyforProgram" time="0.375"/>
  <system-out/>
  <testcase classname="core.Tests.IDPH.AdperPortal" name="VerifyProgramDropdownValues" time="0.554"/>
  <system-out/>
  <testcase classname="core.Tests.IDPH.AdperPortal" name="WithoutProgramDetailApplyforProgram" time="0.346"/>
  <system-out/>
  <testcase classname="core.Tests.IDPH.AdperPortal" name="VerifyBackFlowProgramDetailsDropdownValues" time="0.423"/>
  <system-out/>
  <testcase classname="core.Tests.IDPH.AdperPortal" name="ApplyforProgramPopup" time="0.544"/>
  <system-out/>
  <testcase classname="core.Tests.IDPH.AdperPortal" name="ApplyforProgramPopupCancelbutton" time="0.259"/>
  <system-out/>
  <testcase classname="core.Tests.IDPH.AdperPortal" name="ApplyforProgramPopupOKbutton" time="1.648"/>
  <system-out/>
  <testcase classname="core.Tests.IDPH.AdperPortal" name="VerifyInCompleteApplyProgramDropdownValues" time="5.230"/>
  <system-out/>
  <testcase classname="core.Tests.IDPH.AdperPortal" name="ApplyForProgramEdit" time="1.868"/>
  <system-out/>
  <testcase classname="core.Tests.IDPH.AdperPortal" name="ApplicationFormDisplayFields" time="0.742"/>
  <system-out/>
  <testcase classname="core.Tests.IDPH.AdperPortal" name="ApplicationFormProgramType" time="0.133"/>
  <system-out/>
  <testcase classname="core.Tests.IDPH.AdperPortal" name="BackflowTesterAffirmations" time="1.376"/>
  <system-out/>
  <testcase classname="core.Tests.IDPH.AdperPortal" name="BackflowTester_Affirmations_RequiredFields" time="0.862"/>
  <system-out/>
  <testcase classname="core.Tests.IDPH.AdperPortal" name="BackflowTester_Affirmations_YES" time="3.674"/>
  <system-out/>
  <testcase classname="core.Tests.IDPH.AdperPortal" name="BackflowTesterThirdPartyCertification" time="0.993"/>
  <system-out/>
  <testcase classname="core.Tests.IDPH.AdperPortal" name="BackflowTester_ThirdPartyCertification_RequiredFields" time="0.284"/>
  <system-out/>
  <testcase classname="core.Tests.IDPH.AdperPortal" name="BackflowTester_ThridPartyCertification_YES" time="2.098"/>
  <system-out/>
  <testcase classname="core.Tests.IDPH.AdperPortal" name="ThridPartyCertification_ExpirationDate" time="2.191"/>
  <system-out/>
  <testcase classname="core.Tests.IDPH.AdperPortal" name="BackflowTesterOutOfStateCredentials" time="1.564"/>
  <system-out/>
  <testcase classname="core.Tests.IDPH.AdperPortal" name="BackflowTester_OutOfStateCredentials_RequiredFields" time="0.310"/>
  <system-out/>
  <testcase classname="core.Tests.IDPH.AdperPortal" name="BackflowTester_OutOfStateCredentials_YES" time="3.495"/>
  <system-out/>
  <testcase classname="core.Tests.IDPH.AdperPortal" name="OutOfStateCredentials_ExpirationDate" time="2.244"/>
  <system-out/>
  <testcase classname="core.Tests.IDPH.AdperPortal" name="OutOfStateCredentials_InvalidCourseDate" time="2.208"/>
  <system-out/>
  <testcase classname="core.Tests.IDPH.AdperPortal" name="AttchmentDisplayFields" time="2.012"/>
  <system-out/>
  <testcase classname="core.Tests.IDPH.AdperPortal" name="UploadAttachmentsPopupMessage" time="0.851"/>
  <system-out/>
  <testcase classname="core.Tests.IDPH.AdperPortal" name="AttachmentsDelete" time="0.143"/>
  <system-out/>
  <testcase classname="core.Tests.IDPH.AdperPortal" name="UploadNewAttachments" time="6.586"/>
  <system-out/>
  <testcase classname="core.Tests.IDPH.AdperPortal" name="NavTermsAndConditions" time="3.972"/>
  <system-out/>
  <testcase classname="core.Tests.IDPH.AdperPortal" name="TermsAndConditionsText" time="0.715"/>
  <system-out/>
  <testcase classname="core.Tests.IDPH.AdperPortal" name="WithoutAgreeTerms" time="0.263"/>
  <system-out/>
  <testcase classname="core.Tests.IDPH.AdperPortal" name="ValidAgreeTerms" time="1.709"/>
  <system-out/>
  <testcase classname="core.Tests.IDPH.AdperPortal" name="VerifyMakePaymentFields" time="2.172"/>
  <system-out/>
  <testcase classname="core.Tests.IDPH.AdperPortal" name="VerifyBackFlowPayment" time="0.751"/>
  <system-out/>
  <testcase classname="core.Tests.IDPH.AdperPortal" name="PayLaterAlertAccept" time="0.955"/>
  <system-out/>
  <testcase classname="core.Tests.IDPH.AdperPortal" name="PayLaterAlertDismiss" time="0.943"/>
  <system-out/>
  <testcase classname="core.Tests.IDPH.AdperPortal" name="PayLaterOptions" time="0.546"/>
  <system-out/>
  <testcase classname="core.Tests.IDPH.AdperPortal" name="NavPayLaterDismiss" time="1.303"/>
  <system-out/>
  <testcase classname="core.Tests.IDPH.AdperPortal" name="NavPayLaterAccept" time="0.866"/>
  <system-out/>
  <testcase classname="core.Tests.IDPH.AdperPortal" name="VerifyPayNow" time="9.051"/>
  <system-out/>
  <testcase classname="core.Tests.IDPH.AdperPortal" name="MakePaymentAlert" time="6.465"/>
  <system-out/>
  <testcase classname="core.Tests.IDPH.AdperPortal" name="PayNowbutton" time="2.244"/>
  <system-out/>
  <testcase classname="core.Tests.IDPH.AdperPortal" name="InvalidPaymentContinue" time="1.874"/>
  <system-out/>
  <testcase classname="core.Tests.IDPH.AdperPortal" name="InvalidCardNumPayment" time="2.152"/>
  <system-out/>
  <testcase classname="core.Tests.IDPH.AdperPortal" name="ValidPaymentContinue" time="3.028"/>
  <system-out/>
  <testcase classname="core.Tests.IDPH.AdperPortal" name="ReviewPaymentConfirm" time="33.332"/>
  <system-out/>
  <testcase classname="core.Tests.IDPH.AdperPortal" name="PaymentConfirmation" time="2.538"/>
  <system-out/>
  <testcase classname="core.Tests.IDPH.AdperPortal" name="NavPaymentReceiptDetails" time="13.704"/>
  <system-out/>
  <testcase classname="core.Tests.IDPH.AdperPortal" name="ApplyforProgramDuplicate" time="2.973"/>
  <system-out/>
  <testcase classname="core.Tests.IDPH.AdperPortal" name="VerifyAEMTProgramDropdownValues" time="0.436"/>
  <system-out/>
  <testcase classname="core.Tests.IDPH.AdperPortal" name="WithoutAEMTProgramDetailApplyforProgram" time="0.422"/>
  <system-out/>
  <testcase classname="core.Tests.IDPH.AdperPortal" name="VerifyAEMTProgram_ProgramDetailProgramDetailsDropdownValues" time="0.805"/>
  <system-out/>
  <testcase classname="core.Tests.IDPH.AdperPortal" name="ApplyforAEMTProgramPopup" time="0.357"/>
  <system-out/>
  <testcase classname="core.Tests.IDPH.AdperPortal" name="ApplyforAEMTProgramPopupCancelbutton" time="0.299"/>
  <system-out/>
  <testcase classname="core.Tests.IDPH.AdperPortal" name="ApplyforAEMTProgramPopupOKbutton" time="1.698"/>
  <system-out/>
  <testcase classname="core.Tests.IDPH.AdperPortal" name="VerifyInCompleteApplyAEMTProgramDropdownValues" time="5.346"/>
  <system-out/>
  <testcase classname="core.Tests.IDPH.AdperPortal" name="ApplyForAEMTProgramEdit" time="1.777"/>
  <system-out/>
  <testcase classname="core.Tests.IDPH.AdperPortal" name="AEMTApplicationFormDisplayFields" time="0.728"/>
  <system-out/>
  <testcase classname="core.Tests.IDPH.AdperPortal" name="AEMTApplicationFormProgramType" time="0.100"/>
  <system-out/>
  <testcase classname="core.Tests.IDPH.AdperPortal" name="EMSProviderAffirmations" time="1.346"/>
  <system-out/>
  <testcase classname="core.Tests.IDPH.AdperPortal" name="EMSProvider_Affirmations_RequiredFields" time="0.794"/>
  <system-out/>
  <testcase classname="core.Tests.IDPH.AdperPortal" name="EMSProvider_Affirmations_YES" time="3.798"/>
  <system-out/>
  <testcase classname="core.Tests.IDPH.AdperPortal" name="EMSProvider_PersonalInformation" time="0.738"/>
  <system-out/>
  <testcase classname="core.Tests.IDPH.AdperPortal" name="EMSProvider_PersonalInformation_RequiredFields" time="0.298"/>
  <system-out/>
  <testcase classname="core.Tests.IDPH.AdperPortal" name="Enter_PersonalInformation_EMSProvider" time="0.908"/>
  <system-out/>
  <testcase classname="core.Tests.IDPH.AdperPortal" name="EMSProvider_CurrentNationalRegistry" time="0.665"/>
  <system-out/>
  <testcase classname="core.Tests.IDPH.AdperPortal" name="EMSProvider_CurrentNationalRegistryDropd" time="0.584"/>
  <system-out/>
  <testcase classname="core.Tests.IDPH.AdperPortal" name="EMSProvider_CurrentNationalRegistry_NREMTBlank" time="1.561"/>
  <system-out/>
  <testcase classname="core.Tests.IDPH.AdperPortal" name="EMSProvider_CurrentNationalRegistry_NREMTDate" time="2.241"/>
  <system-out/>
  <testcase classname="core.Tests.IDPH.AdperPortal" name="EMSProvider_ProviderDisaster" time="1.410"/>
  <system-out/>
  <testcase classname="core.Tests.IDPH.AdperPortal" name="EMSProvider_ProviderDisaster_RequiredFields" time="0.317"/>
  <system-out/>
  <testcase classname="core.Tests.IDPH.AdperPortal" name="EMSProvider_FeeWaiverRequest" time="0.920"/>
  <system-out/>
  <testcase classname="core.Tests.IDPH.AdperPortal" name="EMSProvider_FeeWaiverRequest_RequiredFields" time="0.498"/>
  <system-out/>
  <testcase classname="core.Tests.IDPH.AdperPortal" name="EMSProvider_FeeWaiverRequest_FederalPovertyDropd" time="0.666"/>
  <system-out/>
  <testcase classname="core.Tests.IDPH.AdperPortal" name="EMSProvider_FeeWaiverRequest_HouseHoldIncomeDropd" time="0.729"/>
  <system-out/>
  <testcase classname="core.Tests.IDPH.AdperPortal" name="AEMT_EMS_AttchmentDisplayFields" time="2.179"/>
  <system-out/>
  <testcase classname="core.Tests.IDPH.AdperPortal" name="AEMT_EMS_UploadAttachmentsPopupMessage" time="0.926"/>
  <system-out/>
  <testcase classname="core.Tests.IDPH.AdperPortal" name="AEMT_EMS_AttachmentsDelete" time="0.107"/>
  <system-out/>
  <testcase classname="core.Tests.IDPH.AdperPortal" name="AEMT_EMS_UploadNewAttachments" time="6.743"/>
  <system-out/>
  <testcase classname="core.Tests.IDPH.AdperPortal" name="AEMT_EMS_NavTermsAndConditions" time="4.166"/>
  <system-out/>
  <testcase classname="core.Tests.IDPH.AdperPortal" name="AEMT_EMS_TermsAndConditionsText" time="0.707"/>
  <system-out/>
  <testcase classname="core.Tests.IDPH.AdperPortal" name="AEMT_EMS_WithoutAgreeTerms" time="0.259"/>
  <system-out/>
  <testcase classname="core.Tests.IDPH.AdperPortal" name="AEMT_EMS_ValidAgreeTerms" time="1.763"/>
  <system-out/>
  <testcase classname="core.Tests.IDPH.AdperPortal" name="AEMT_EMS_VerifyMakePaymentFields" time="2.150"/>
  <system-out/>
  <testcase classname="core.Tests.IDPH.AdperPortal" name="Verify_AEMT_EMSPayment" time="1.266"/>
  <system-out/>
  <testcase classname="core.Tests.IDPH.AdperPortal" name="AEMT_EMS_PayLaterAlertAccept" time="0.984"/>
  <system-out/>
  <testcase classname="core.Tests.IDPH.AdperPortal" name="AEMT_EMS_PayLaterAlertDismiss" time="0.926"/>
  <system-out/>
  <testcase classname="core.Tests.IDPH.AdperPortal" name="AEMT_EMS_PayLaterOptions" time="0.519"/>
  <system-out/>
  <testcase classname="core.Tests.IDPH.AdperPortal" name="AEMT_EMS_NavPayLaterDismiss" time="1.150"/>
  <system-out/>
  <testcase classname="core.Tests.IDPH.AdperPortal" name="NavPayLaterAccept_AEMT_EMS" time="0.913"/>
  <system-out/>
  <testcase classname="core.Tests.IDPH.AdperPortal" name="VerifyPayNow_AEMT_EMS" time="7.964"/>
  <system-out/>
  <testcase classname="core.Tests.IDPH.AdperPortal" name="MakePaymentAlert_AEMT_EMS" time="2.748"/>
  <system-out/>
  <testcase classname="core.Tests.IDPH.AdperPortal" name="PayNowbutton_AEMT_EMS" time="2.484"/>
  <system-out/>
  <testcase classname="core.Tests.IDPH.AdperPortal" name="InvalidPaymentContinue_AEMT_EMS" time="2.567"/>
  <system-out/>
  <testcase classname="core.Tests.IDPH.AdperPortal" name="InvalidCardNumPayment_AEMT_EMS" time="2.356"/>
  <system-out/>
  <testcase classname="core.Tests.IDPH.AdperPortal" name="ValidPaymentContinue_AEMT_EMS" time="2.652"/>
  <system-out/>
  <testcase classname="core.Tests.IDPH.AdperPortal" name="ReviewPaymentConfirm_AEMT_EMS" time="12.215"/>
  <system-out/>
  <testcase classname="core.Tests.IDPH.AdperPortal" name="PaymentConfirmation_AEMT_EMS" time="0.701"/>
  <system-out/>
  <testcase classname="core.Tests.IDPH.AdperPortal" name="NavPaymentReceiptDetails_AEMT_EMS" time="12.760"/>
  <system-out/>
  <testcase classname="core.Tests.IDPH.AdperPortal" name="ApplyforProgramDuplicate_AEMT_EMS" time="2.816"/>
  <system-out/>
</testsuite> <!-- core.Tests.IDPH.AdperPortal -->
