<?xml version="1.0" encoding="UTF-8"?>
<!-- Generated by org.testng.reporters.JUnitReportReporter -->
<testsuite hostname="LAPTOP-FA7T866P" failures="0" tests="11" name="core.Tests.IDPH.Paramedic_EMSProviderTest" time="89.031" errors="0" timestamp="2022-10-28T15:33:28 IST" skipped="0">
  <testcase classname="core.Tests.IDPH.Paramedic_EMSProviderTest" name="load_ADPER_Portal" time="11.563"/>
  <system-out/>
  <testcase classname="core.Tests.IDPH.Paramedic_EMSProviderTest" name="VerifyToApply_EMTProgram" time="4.043"/>
  <system-out/>
  <testcase classname="core.Tests.IDPH.Paramedic_EMSProviderTest" name="ApplicationFormProgramType" time="0.113"/>
  <system-out/>
  <testcase classname="core.Tests.IDPH.Paramedic_EMSProviderTest" name="EMSProvider_Affirmations_RequiredFields" time="4.933"/>
  <system-out/>
  <testcase classname="core.Tests.IDPH.Paramedic_EMSProviderTest" name="AEMT_EMS_UploadNewAttachments" time="7.133"/>
  <system-out/>
  <testcase classname="core.Tests.IDPH.Paramedic_EMSProviderTest" name="AEMT_EMS_ValidAgreeTerms" time="6.504"/>
  <system-out/>
  <testcase classname="core.Tests.IDPH.Paramedic_EMSProviderTest" name="AEMT_EMS_VerifyMakePaymentFields" time="3.653"/>
  <system-out/>
  <testcase classname="core.Tests.IDPH.Paramedic_EMSProviderTest" name="VerifyPayNow_AEMT_EMS" time="2.792"/>
  <system-out/>
  <testcase classname="core.Tests.IDPH.Paramedic_EMSProviderTest" name="ValidPaymentContinue_AEMT_EMS" time="32.183"/>
  <system-out/>
  <testcase classname="core.Tests.IDPH.Paramedic_EMSProviderTest" name="NavPaymentReceiptDetails_AEMT_EMS" time="13.307"/>
  <system-out/>
  <testcase classname="core.Tests.IDPH.Paramedic_EMSProviderTest" name="ApplyforProgramDuplicate_AEMT_EMS" time="2.807"/>
  <system-out/>
</testsuite> <!-- core.Tests.IDPH.Paramedic_EMSProviderTest -->
