<?xml version="1.0" encoding="UTF-8"?>
<!-- Generated by org.testng.reporters.JUnitReportReporter -->
<testsuite hostname="LAPTOP-FA7T866P" failures="0" tests="29" name="core.Tests.IDPH.EMSStudent_EMSProviderTest" time="70.005" errors="0" timestamp="2022-10-27T12:24:59 IST" skipped="1">
  <testcase classname="core.Tests.IDPH.EMSStudent_EMSProviderTest" name="load_ADPER_Portal" time="20.603"/>
  <system-out/>
  <testcase classname="core.Tests.IDPH.EMSStudent_EMSProviderTest" name="Verify_EMSStudent_Program" time="1.407"/>
  <system-out/>
  <testcase classname="core.Tests.IDPH.EMSStudent_EMSProviderTest" name="Apply_EMSStudent_ProgramPopup" time="0.530"/>
  <system-out/>
  <testcase classname="core.Tests.IDPH.EMSStudent_EMSProviderTest" name="Apply_EMSStudent_ProgramPopupCancelbutton" time="0.371"/>
  <system-out/>
  <testcase classname="core.Tests.IDPH.EMSStudent_EMSProviderTest" name="Apply_EMSStudent_ProgramPopupOKbutton" time="1.932"/>
  <system-out/>
  <testcase classname="core.Tests.IDPH.EMSStudent_EMSProviderTest" name="VerifyInCompleteApply_EMSStudent_ProgramDropdownValues" time="5.240"/>
  <system-out/>
  <testcase classname="core.Tests.IDPH.EMSStudent_EMSProviderTest" name="ApplyFor_EMSStudent_ProgramEdit" time="2.221"/>
  <system-out/>
  <testcase classname="core.Tests.IDPH.EMSStudent_EMSProviderTest" name="EMSStudent_ApplicationFormDisplayFields" time="0.994"/>
  <system-out/>
  <testcase classname="core.Tests.IDPH.EMSStudent_EMSProviderTest" name="EMSStudent_ApplicationFormProgramType" time="0.122"/>
  <system-out/>
  <testcase classname="core.Tests.IDPH.EMSStudent_EMSProviderTest" name="EMSStudent_EMSProviderAffirmations" time="1.760"/>
  <system-out/>
  <testcase classname="core.Tests.IDPH.EMSStudent_EMSProviderTest" name="EMSStudent_EMSProvider_Affirmations_RequiredFields" time="1.132"/>
  <system-out/>
  <testcase classname="core.Tests.IDPH.EMSStudent_EMSProviderTest" name="EMSStudent_EMSProvider_Affirmations_YES" time="4.907"/>
  <system-out/>
  <testcase classname="core.Tests.IDPH.EMSStudent_EMSProviderTest" name="EMSStudent_EMSProvider_PersonalInformation" time="0.753"/>
  <system-out/>
  <testcase classname="core.Tests.IDPH.EMSStudent_EMSProviderTest" name="EMSStudent_EMSProvider_PersonalInformation_RequiredFields" time="0.386"/>
  <system-out/>
  <testcase classname="core.Tests.IDPH.EMSStudent_EMSProviderTest" name="EMSStudent_Enter_PersonalInformation_EMSProvider" time="1.042"/>
  <system-out/>
  <testcase classname="core.Tests.IDPH.EMSStudent_EMSProviderTest" name="EMSStudent_EMSProvider_CourseDetails" time="0.872"/>
  <system-out/>
  <testcase classname="core.Tests.IDPH.EMSStudent_EMSProviderTest" name="EMSStudent_EMSProvider_CourseDetails_RequiredFields" time="0.266"/>
  <system-out/>
  <testcase classname="core.Tests.IDPH.EMSStudent_EMSProviderTest" name="EMSStudent_EMSProvider_CourseSelectionDropd" time="2.441"/>
  <system-out/>
  <testcase classname="core.Tests.IDPH.EMSStudent_EMSProviderTest" name="EMSStudent_Paramedic" time="2.065"/>
  <system-out/>
  <testcase classname="core.Tests.IDPH.EMSStudent_EMSProviderTest" name="EMSStudent_EMS_AttchmentDisplayFields" time="3.628"/>
  <system-out/>
  <testcase classname="core.Tests.IDPH.EMSStudent_EMSProviderTest" name="EMSStudent_EMS_UploadAttachmentsPopupMessage" time="1.193"/>
  <system-out/>
  <testcase classname="core.Tests.IDPH.EMSStudent_EMSProviderTest" name="EMSStudent_EMS_UploadNewAttachments" time="6.974"/>
  <system-out/>
  <testcase classname="core.Tests.IDPH.EMSStudent_EMSProviderTest" name="EMSStudent_EMS_NavTermsAndConditions" time="4.165"/>
  <system-out/>
  <testcase classname="core.Tests.IDPH.EMSStudent_EMSProviderTest" name="EMSStudent_EMS_TermsAndConditionsText" time="0.960"/>
  <system-out/>
  <testcase classname="core.Tests.IDPH.EMSStudent_EMSProviderTest" name="EMSStudent_EMS_WithoutAgreeTerms" time="0.408"/>
  <system-out/>
  <testcase classname="core.Tests.IDPH.EMSStudent_EMSProviderTest" name="EMSStudent_EMS_ValidAgreeTerms" time="1.861"/>
  <system-out/>
  <testcase classname="core.Tests.IDPH.EMSStudent_EMSProviderTest" name="EMSStudent_EMS_VerifyMakePaymentFields" time="1.056"/>
  <system-out/>
  <testcase classname="core.Tests.IDPH.EMSStudent_EMSProviderTest" name="Verify_EMSStudent_EMSPayment" time="0.716"/>
  <system-out/>
  <testcase classname="core.Tests.IDPH.EMSStudent_EMSProviderTest" name="ApplyforProgramDuplicate_EMR_EMSStudent">
    <skipped/>
  </testcase> <!-- ApplyforProgramDuplicate_EMR_EMSStudent -->
  <system-out/>
</testsuite> <!-- core.Tests.IDPH.EMSStudent_EMSProviderTest -->
