<?xml version="1.0" encoding="UTF-8"?>
<!-- Generated by org.testng.reporters.JUnitReportReporter -->
<testsuite hostname="LAPTOP-FA7T866P" failures="0" tests="1" name="core.Tests.LoginTests" time="42.180" errors="0" timestamp="2022-07-05T13:04:50 IST" skipped="0">
  <testcase classname="core.Tests.LoginTests" name="loginTest_UserNameValidPassword" time="42.180"/>
  <system-out/>
</testsuite> <!-- core.Tests.LoginTests -->
