<?xml version="1.0" encoding="UTF-8"?>
<!-- Generated by org.testng.reporters.JUnitReportReporter -->
<testsuite hostname="LAPTOP-FA7T866P" failures="0" tests="78" name="core.Tests.IDPH.AdperPortal" time="213.506" errors="0" timestamp="2022-10-13T12:59:10 IST" skipped="0">
  <testcase classname="core.Tests.IDPH.AdperPortal" name="load_ADPER_Portal" time="17.485"/>
  <system-out/>
  <testcase classname="core.Tests.IDPH.AdperPortal" name="VerifyHomePageLinks" time="0.930"/>
  <system-out/>
  <testcase classname="core.Tests.IDPH.AdperPortal" name="VerifyIsDisplayedLeftSideLinks" time="0.179"/>
  <system-out/>
  <testcase classname="core.Tests.IDPH.AdperPortal" name="VerifyIsDisplayedHomePageText" time="1.595"/>
  <system-out/>
  <testcase classname="core.Tests.IDPH.AdperPortal" name="VerifyIDPHRegulatoryTab" time="14.494"/>
  <system-out/>
  <testcase classname="core.Tests.IDPH.AdperPortal" name="VerifyPublicSearchClick" time="2.414"/>
  <system-out/>
  <testcase classname="core.Tests.IDPH.AdperPortal" name="VerifyIsDisplayedPublicSearchFields" time="1.841"/>
  <system-out/>
  <testcase classname="core.Tests.IDPH.AdperPortal" name="VerifyWithoutInputSearch" time="0.247"/>
  <system-out/>
  <testcase classname="core.Tests.IDPH.AdperPortal" name="VerifyValidPublicSearch" time="5.725"/>
  <system-out/>
  <testcase classname="core.Tests.IDPH.AdperPortal" name="VerifySearchResultsExport" time="0.266"/>
  <system-out/>
  <testcase classname="core.Tests.IDPH.AdperPortal" name="VerifyPublicDetails" time="8.812"/>
  <system-out/>
  <testcase classname="core.Tests.IDPH.AdperPortal" name="VerifyPublicDetailsBackButtonNav" time="12.613"/>
  <system-out/>
  <testcase classname="core.Tests.IDPH.AdperPortal" name="VerifyResetButton" time="0.130"/>
  <system-out/>
  <testcase classname="core.Tests.IDPH.AdperPortal" name="VerifyInvalidSearch" time="2.359"/>
  <system-out/>
  <testcase classname="core.Tests.IDPH.AdperPortal" name="VerifySecondInvalidSearch" time="0.455"/>
  <system-out/>
  <testcase classname="core.Tests.IDPH.AdperPortal" name="VerifyCourseSearchButtons" time="0.441"/>
  <system-out/>
  <testcase classname="core.Tests.IDPH.AdperPortal" name="VerifyCourseSearchDropdowns" time="0.474"/>
  <system-out/>
  <testcase classname="core.Tests.IDPH.AdperPortal" name="VerifyIsDisplayedCourseSearchProgram" time="0.822"/>
  <system-out/>
  <testcase classname="core.Tests.IDPH.AdperPortal" name="VerifyWithoutInputCourseSearch" time="0.618"/>
  <system-out/>
  <testcase classname="core.Tests.IDPH.AdperPortal" name="VerifyValidCourseSearch" time="3.984"/>
  <system-out/>
  <testcase classname="core.Tests.IDPH.AdperPortal" name="VerifyEventsReturns" time="0.365"/>
  <system-out/>
  <testcase classname="core.Tests.IDPH.AdperPortal" name="VerifyCourseSearchExportbutton" time="0.271"/>
  <system-out/>
  <testcase classname="core.Tests.IDPH.AdperPortal" name="VerifyCourseSearchReset" time="0.552"/>
  <system-out/>
  <testcase classname="core.Tests.IDPH.AdperPortal" name="VerifyCourseSearchReturn" time="2.957"/>
  <system-out/>
  <testcase classname="core.Tests.IDPH.AdperPortal" name="VerifySignInPage" time="0.826"/>
  <system-out/>
  <testcase classname="core.Tests.IDPH.AdperPortal" name="ADPER_InvalidLoginCredentials" time="2.464"/>
  <system-out/>
  <testcase classname="core.Tests.IDPH.AdperPortal" name="ADPER_ValidLoginCredentials" time="3.643"/>
  <system-out/>
  <testcase classname="core.Tests.IDPH.AdperPortal" name="ApplyForProgramNavigation" time="0.321"/>
  <system-out/>
  <testcase classname="core.Tests.IDPH.AdperPortal" name="ApplyForProgramDisplayFields" time="0.479"/>
  <system-out/>
  <testcase classname="core.Tests.IDPH.AdperPortal" name="ApplyForProgramCancel" time="0.274"/>
  <system-out/>
  <testcase classname="core.Tests.IDPH.AdperPortal" name="WithoutValuesApplyforProgram" time="0.370"/>
  <system-out/>
  <testcase classname="core.Tests.IDPH.AdperPortal" name="VerifyProgramDropdownValues" time="0.564"/>
  <system-out/>
  <testcase classname="core.Tests.IDPH.AdperPortal" name="WithoutProgramDetailApplyforProgram" time="0.458"/>
  <system-out/>
  <testcase classname="core.Tests.IDPH.AdperPortal" name="VerifyBackFlowProgramDetailsDropdownValues" time="0.410"/>
  <system-out/>
  <testcase classname="core.Tests.IDPH.AdperPortal" name="ApplyforProgramPopup" time="0.543"/>
  <system-out/>
  <testcase classname="core.Tests.IDPH.AdperPortal" name="ApplyforProgramPopupCancelbutton" time="0.232"/>
  <system-out/>
  <testcase classname="core.Tests.IDPH.AdperPortal" name="ApplyforProgramPopupOKbutton" time="1.855"/>
  <system-out/>
  <testcase classname="core.Tests.IDPH.AdperPortal" name="VerifyInCompleteApplyProgramDropdownValues" time="5.972"/>
  <system-out/>
  <testcase classname="core.Tests.IDPH.AdperPortal" name="ApplyForProgramEdit" time="1.936"/>
  <system-out/>
  <testcase classname="core.Tests.IDPH.AdperPortal" name="ApplicationFormDisplayFields" time="0.688"/>
  <system-out/>
  <testcase classname="core.Tests.IDPH.AdperPortal" name="ApplicationFormProgramType" time="0.118"/>
  <system-out/>
  <testcase classname="core.Tests.IDPH.AdperPortal" name="BackflowTesterAffirmations" time="2.059"/>
  <system-out/>
  <testcase classname="core.Tests.IDPH.AdperPortal" name="BackflowTester_Affirmations_RequiredFields" time="0.904"/>
  <system-out/>
  <testcase classname="core.Tests.IDPH.AdperPortal" name="BackflowTester_Affirmations_YES" time="4.789"/>
  <system-out/>
  <testcase classname="core.Tests.IDPH.AdperPortal" name="BackflowTesterThirdPartyCertification" time="1.081"/>
  <system-out/>
  <testcase classname="core.Tests.IDPH.AdperPortal" name="BackflowTester_ThirdPartyCertification_RequiredFields" time="0.214"/>
  <system-out/>
  <testcase classname="core.Tests.IDPH.AdperPortal" name="BackflowTester_ThridPartyCertification_YES" time="2.713"/>
  <system-out/>
  <testcase classname="core.Tests.IDPH.AdperPortal" name="ThridPartyCertification_ExpirationDate" time="2.594"/>
  <system-out/>
  <testcase classname="core.Tests.IDPH.AdperPortal" name="BackflowTesterOutOfStateCredentials" time="1.568"/>
  <system-out/>
  <testcase classname="core.Tests.IDPH.AdperPortal" name="BackflowTester_OutOfStateCredentials_RequiredFields" time="0.359"/>
  <system-out/>
  <testcase classname="core.Tests.IDPH.AdperPortal" name="BackflowTester_OutOfStateCredentials_YES" time="3.965"/>
  <system-out/>
  <testcase classname="core.Tests.IDPH.AdperPortal" name="OutOfStateCredentials_ExpirationDate" time="2.558"/>
  <system-out/>
  <testcase classname="core.Tests.IDPH.AdperPortal" name="OutOfStateCredentials_InvalidCourseDate" time="2.314"/>
  <system-out/>
  <testcase classname="core.Tests.IDPH.AdperPortal" name="AttchmentDisplayFields" time="1.991"/>
  <system-out/>
  <testcase classname="core.Tests.IDPH.AdperPortal" name="UploadAttachmentsPopupMessage" time="1.125"/>
  <system-out/>
  <testcase classname="core.Tests.IDPH.AdperPortal" name="AttachmentsDelete" time="0.138"/>
  <system-out/>
  <testcase classname="core.Tests.IDPH.AdperPortal" name="UploadNewAttachments" time="8.729"/>
  <system-out/>
  <testcase classname="core.Tests.IDPH.AdperPortal" name="NavTermsAndConditions" time="4.357"/>
  <system-out/>
  <testcase classname="core.Tests.IDPH.AdperPortal" name="TermsAndConditionsText" time="0.988"/>
  <system-out/>
  <testcase classname="core.Tests.IDPH.AdperPortal" name="WithoutAgreeTerms" time="0.323"/>
  <system-out/>
  <testcase classname="core.Tests.IDPH.AdperPortal" name="ValidAgreeTerms" time="1.965"/>
  <system-out/>
  <testcase classname="core.Tests.IDPH.AdperPortal" name="VerifyMakePaymentFields" time="2.220"/>
  <system-out/>
  <testcase classname="core.Tests.IDPH.AdperPortal" name="VerifyBackFlowPayment" time="1.052"/>
  <system-out/>
  <testcase classname="core.Tests.IDPH.AdperPortal" name="PayLaterAlertAccept" time="1.145"/>
  <system-out/>
  <testcase classname="core.Tests.IDPH.AdperPortal" name="PayLaterAlertDismiss" time="1.109"/>
  <system-out/>
  <testcase classname="core.Tests.IDPH.AdperPortal" name="PayLaterOptions" time="0.553"/>
  <system-out/>
  <testcase classname="core.Tests.IDPH.AdperPortal" name="NavPayLaterDismiss" time="1.314"/>
  <system-out/>
  <testcase classname="core.Tests.IDPH.AdperPortal" name="NavPayLaterAccept" time="1.512"/>
  <system-out/>
  <testcase classname="core.Tests.IDPH.AdperPortal" name="VerifyPayNow" time="8.115"/>
  <system-out/>
  <testcase classname="core.Tests.IDPH.AdperPortal" name="MakePaymentAlert" time="7.570"/>
  <system-out/>
  <testcase classname="core.Tests.IDPH.AdperPortal" name="PayNowbutton" time="2.834"/>
  <system-out/>
  <testcase classname="core.Tests.IDPH.AdperPortal" name="InvalidPaymentContinue" time="2.025"/>
  <system-out/>
  <testcase classname="core.Tests.IDPH.AdperPortal" name="InvalidCardNumPayment" time="2.257"/>
  <system-out/>
  <testcase classname="core.Tests.IDPH.AdperPortal" name="ValidPaymentContinue" time="3.507"/>
  <system-out/>
  <testcase classname="core.Tests.IDPH.AdperPortal" name="ReviewPaymentConfirm" time="14.086"/>
  <system-out/>
  <testcase classname="core.Tests.IDPH.AdperPortal" name="PaymentConfirmation" time="2.821"/>
  <system-out/>
  <testcase classname="core.Tests.IDPH.AdperPortal" name="NavPaymentReceiptDetails" time="12.331"/>
  <system-out/>
  <testcase classname="core.Tests.IDPH.AdperPortal" name="ApplyforProgramDuplicate" time="3.139"/>
  <system-out/>
</testsuite> <!-- core.Tests.IDPH.AdperPortal -->
