<?xml version="1.0" encoding="UTF-8"?>
<!-- Generated by org.testng.reporters.JUnitReportReporter -->
<testsuite hostname="LAPTOP-FA7T866P" failures="0" tests="9" name="core.Tests.IDPH.IDPHPortalTest" time="72.729" errors="0" timestamp="2022-11-09T13:58:17 IST" skipped="0">
  <testcase classname="core.Tests.IDPH.IDPHPortalTest" name="load_ADPER_Portal" time="15.459"/>
  <system-out/>
  <testcase classname="core.Tests.IDPH.IDPHPortalTest" name="ADPER_ValidLoginCredentials" time="5.584"/>
  <system-out/>
  <testcase classname="core.Tests.IDPH.IDPHPortalTest" name="VerifyToApply_EMSStudent_EMSProvider" time="6.443"/>
  <system-out/>
  <testcase classname="core.Tests.IDPH.IDPHPortalTest" name="EMSStudent_EMSProvider_Program" time="0.176"/>
  <system-out/>
  <testcase classname="core.Tests.IDPH.IDPHPortalTest" name="Verify_EMSStudent_ApplicationForms" time="2.196"/>
  <system-out/>
  <testcase classname="core.Tests.IDPH.IDPHPortalTest" name="EMSStudent_EMSProvider_CourseSelectionDropd" time="2.388"/>
  <system-out/>
  <testcase classname="core.Tests.IDPH.IDPHPortalTest" name="EMSStudent_Paramedic" time="1.696"/>
  <system-out/>
  <testcase classname="core.Tests.IDPH.IDPHPortalTest" name="EMSStudent_UploadAttachments" time="29.938"/>
  <system-out/>
  <testcase classname="core.Tests.IDPH.IDPHPortalTest" name="Valid_AgreeTerms_EMSStudent" time="8.849"/>
  <system-out/>
</testsuite> <!-- core.Tests.IDPH.IDPHPortalTest -->
