<?xml version="1.0" encoding="UTF-8"?>
<!-- Generated by org.testng.reporters.JUnitReportReporter -->
<testsuite hostname="LAPTOP-FA7T866P" failures="0" tests="52" name="core.Tests.IDPH.EMSProviderTest" time="131.539" errors="0" timestamp="2022-10-20T15:16:36 IST" skipped="0">
  <testcase classname="core.Tests.IDPH.EMSProviderTest" name="load_ADPER_Portal" time="16.227"/>
  <system-out/>
  <testcase classname="core.Tests.IDPH.EMSProviderTest" name="VerifyProgramDropdownValues" time="0.793"/>
  <system-out/>
  <testcase classname="core.Tests.IDPH.EMSProviderTest" name="WithoutProgramDetailApplyforProgram" time="0.473"/>
  <system-out/>
  <testcase classname="core.Tests.IDPH.EMSProviderTest" name="VerifyEMSProgram_ProgramDetailProgramDetailsDropdownValues" time="1.043"/>
  <system-out/>
  <testcase classname="core.Tests.IDPH.EMSProviderTest" name="ApplyforProgramPopup" time="0.481"/>
  <system-out/>
  <testcase classname="core.Tests.IDPH.EMSProviderTest" name="ApplyforProgramPopupCancelbutton" time="0.285"/>
  <system-out/>
  <testcase classname="core.Tests.IDPH.EMSProviderTest" name="ApplyforProgramPopupOKbutton" time="1.669"/>
  <system-out/>
  <testcase classname="core.Tests.IDPH.EMSProviderTest" name="VerifyInCompleteApplyProgramDropdownValues" time="5.339"/>
  <system-out/>
  <testcase classname="core.Tests.IDPH.EMSProviderTest" name="ApplyForProgramEdit" time="1.797"/>
  <system-out/>
  <testcase classname="core.Tests.IDPH.EMSProviderTest" name="ApplicationFormDisplayFields" time="0.861"/>
  <system-out/>
  <testcase classname="core.Tests.IDPH.EMSProviderTest" name="ApplicationFormProgramType" time="0.112"/>
  <system-out/>
  <testcase classname="core.Tests.IDPH.EMSProviderTest" name="EMSProviderAffirmations" time="1.446"/>
  <system-out/>
  <testcase classname="core.Tests.IDPH.EMSProviderTest" name="EMSProvider_Affirmations_RequiredFields" time="0.851"/>
  <system-out/>
  <testcase classname="core.Tests.IDPH.EMSProviderTest" name="EMSProvider_Affirmations_YES" time="4.440"/>
  <system-out/>
  <testcase classname="core.Tests.IDPH.EMSProviderTest" name="EMSProvider_PersonalInformation" time="0.977"/>
  <system-out/>
  <testcase classname="core.Tests.IDPH.EMSProviderTest" name="EMSProvider_PersonalInformation_RequiredFields" time="0.336"/>
  <system-out/>
  <testcase classname="core.Tests.IDPH.EMSProviderTest" name="Enter_PersonalInformation_EMSProvider" time="1.008"/>
  <system-out/>
  <testcase classname="core.Tests.IDPH.EMSProviderTest" name="EMSProvider_CurrentNationalRegistry" time="0.886"/>
  <system-out/>
  <testcase classname="core.Tests.IDPH.EMSProviderTest" name="EMSProvider_CurrentNationalRegistryDropd" time="0.595"/>
  <system-out/>
  <testcase classname="core.Tests.IDPH.EMSProviderTest" name="EMSProvider_CurrentNationalRegistry_NREMTBlank" time="4.288"/>
  <system-out/>
  <testcase classname="core.Tests.IDPH.EMSProviderTest" name="EMSProvider_CurrentNationalRegistry_NREMTDate" time="3.193"/>
  <system-out/>
  <testcase classname="core.Tests.IDPH.EMSProviderTest" name="EMSProvider_ProviderDisaster" time="1.557"/>
  <system-out/>
  <testcase classname="core.Tests.IDPH.EMSProviderTest" name="EMSProvider_ProviderDisaster_RequiredFields" time="0.317"/>
  <system-out/>
  <testcase classname="core.Tests.IDPH.EMSProviderTest" name="EMSProvider_FeeWaiverRequest" time="0.927"/>
  <system-out/>
  <testcase classname="core.Tests.IDPH.EMSProviderTest" name="EMSProvider_FeeWaiverRequest_RequiredFields" time="0.490"/>
  <system-out/>
  <testcase classname="core.Tests.IDPH.EMSProviderTest" name="EMSProvider_FeeWaiverRequest_FederalPovertyDropd" time="0.795"/>
  <system-out/>
  <testcase classname="core.Tests.IDPH.EMSProviderTest" name="EMSProvider_FeeWaiverRequest_HouseHoldIncomeDropd" time="0.797"/>
  <system-out/>
  <testcase classname="core.Tests.IDPH.EMSProviderTest" name="AEMT_EMS_AttchmentDisplayFields" time="2.579"/>
  <system-out/>
  <testcase classname="core.Tests.IDPH.EMSProviderTest" name="AEMT_EMS_UploadAttachmentsPopupMessage" time="0.956"/>
  <system-out/>
  <testcase classname="core.Tests.IDPH.EMSProviderTest" name="AEMT_EMS_AttachmentsDelete" time="0.146"/>
  <system-out/>
  <testcase classname="core.Tests.IDPH.EMSProviderTest" name="AEMT_EMS_UploadNewAttachments" time="10.750"/>
  <system-out/>
  <testcase classname="core.Tests.IDPH.EMSProviderTest" name="AEMT_EMS_NavTermsAndConditions" time="5.743"/>
  <system-out/>
  <testcase classname="core.Tests.IDPH.EMSProviderTest" name="AEMT_EMS_TermsAndConditionsText" time="1.383"/>
  <system-out/>
  <testcase classname="core.Tests.IDPH.EMSProviderTest" name="AEMT_EMS_WithoutAgreeTerms" time="0.344"/>
  <system-out/>
  <testcase classname="core.Tests.IDPH.EMSProviderTest" name="AEMT_EMS_ValidAgreeTerms" time="2.037"/>
  <system-out/>
  <testcase classname="core.Tests.IDPH.EMSProviderTest" name="AEMT_EMS_VerifyMakePaymentFields" time="2.866"/>
  <system-out/>
  <testcase classname="core.Tests.IDPH.EMSProviderTest" name="Verify_AEMT_EMSPayment" time="1.278"/>
  <system-out/>
  <testcase classname="core.Tests.IDPH.EMSProviderTest" name="AEMT_EMS_PayLaterAlertAccept" time="0.914"/>
  <system-out/>
  <testcase classname="core.Tests.IDPH.EMSProviderTest" name="AEMT_EMS_PayLaterAlertDismiss" time="0.948"/>
  <system-out/>
  <testcase classname="core.Tests.IDPH.EMSProviderTest" name="AEMT_EMS_PayLaterOptions" time="0.557"/>
  <system-out/>
  <testcase classname="core.Tests.IDPH.EMSProviderTest" name="AEMT_EMS_NavPayLaterDismiss" time="1.199"/>
  <system-out/>
  <testcase classname="core.Tests.IDPH.EMSProviderTest" name="NavPayLaterAccept_AEMT_EMS" time="1.041"/>
  <system-out/>
  <testcase classname="core.Tests.IDPH.EMSProviderTest" name="VerifyPayNow_AEMT_EMS" time="9.783"/>
  <system-out/>
  <testcase classname="core.Tests.IDPH.EMSProviderTest" name="MakePaymentAlert_AEMT_EMS" time="5.659"/>
  <system-out/>
  <testcase classname="core.Tests.IDPH.EMSProviderTest" name="PayNowbutton_AEMT_EMS" time="2.234"/>
  <system-out/>
  <testcase classname="core.Tests.IDPH.EMSProviderTest" name="InvalidPaymentContinue_AEMT_EMS" time="1.904"/>
  <system-out/>
  <testcase classname="core.Tests.IDPH.EMSProviderTest" name="InvalidCardNumPayment_AEMT_EMS" time="2.369"/>
  <system-out/>
  <testcase classname="core.Tests.IDPH.EMSProviderTest" name="ValidPaymentContinue_AEMT_EMS" time="3.409"/>
  <system-out/>
  <testcase classname="core.Tests.IDPH.EMSProviderTest" name="ReviewPaymentConfirm_AEMT_EMS" time="2.817"/>
  <system-out/>
  <testcase classname="core.Tests.IDPH.EMSProviderTest" name="PaymentConfirmation_AEMT_EMS" time="2.660"/>
  <system-out/>
  <testcase classname="core.Tests.IDPH.EMSProviderTest" name="NavPaymentReceiptDetails_AEMT_EMS" time="13.078"/>
  <system-out/>
  <testcase classname="core.Tests.IDPH.EMSProviderTest" name="ApplyforProgramDuplicate_AEMT_EMS" time="2.902"/>
  <system-out/>
</testsuite> <!-- core.Tests.IDPH.EMSProviderTest -->
